{"/Users/n.treerattanajutawat/Desktop/Project/songkran-frontend/src/App.js": {"path":"/Users/n.treerattanajutawat/Desktop/Project/songkran-frontend/src/App.js","statementMap":{"0":{"start":{"line":5,"column":2},"end":{"line":7,"column":4}}},"fnMap":{"0":{"name":"App","decl":{"start":{"line":4,"column":9},"end":{"line":4,"column":12}},"loc":{"start":{"line":4,"column":15},"end":{"line":8,"column":1}},"line":4}},"branchMap":{},"s":{"0":2},"f":{"0":2},"b":{},"_coverageSchema":"1a1c01bbd47fc00a2c39e90264f33305004495a9","hash":"ff58e2d0369a0fc35ff334c3d1df8771253a5dc0"}
,"/Users/n.treerattanajutawat/Desktop/Project/songkran-frontend/src/components/button/CustomButton.jsx": {"path":"/Users/n.treerattanajutawat/Desktop/Project/songkran-frontend/src/components/button/CustomButton.jsx","statementMap":{"0":{"start":{"line":5,"column":21},"end":{"line":16,"column":1}},"1":{"start":{"line":7,"column":4},"end":{"line":15,"column":5}}},"fnMap":{"0":{"name":"(anonymous_0)","decl":{"start":{"line":5,"column":21},"end":{"line":5,"column":22}},"loc":{"start":{"line":5,"column":32},"end":{"line":16,"column":1}},"line":5}},"branchMap":{"0":{"loc":{"start":{"line":9,"column":18},"end":{"line":9,"column":41}},"type":"binary-expr","locations":[{"start":{"line":9,"column":18},"end":{"line":9,"column":29}},{"start":{"line":9,"column":33},"end":{"line":9,"column":41}}],"line":9}},"s":{"0":1,"1":1},"f":{"0":1},"b":{"0":[1,0]},"_coverageSchema":"1a1c01bbd47fc00a2c39e90264f33305004495a9","hash":"68c2ae20a3f9097a0df2075ac606bc39becd0f8c"}
,"/Users/n.treerattanajutawat/Desktop/Project/songkran-frontend/src/components/button/ModalButton.jsx": {"path":"/Users/n.treerattanajutawat/Desktop/Project/songkran-frontend/src/components/button/ModalButton.jsx","statementMap":{"0":{"start":{"line":5,"column":20},"end":{"line":15,"column":1}},"1":{"start":{"line":7,"column":4},"end":{"line":14,"column":5}}},"fnMap":{"0":{"name":"(anonymous_0)","decl":{"start":{"line":5,"column":20},"end":{"line":5,"column":21}},"loc":{"start":{"line":5,"column":30},"end":{"line":15,"column":1}},"line":5}},"branchMap":{},"s":{"0":1,"1":0},"f":{"0":0},"b":{},"_coverageSchema":"1a1c01bbd47fc00a2c39e90264f33305004495a9","hash":"670c61cf9a679fb1b534e43cff85665f3f8f042d"}
,"/Users/n.treerattanajutawat/Desktop/Project/songkran-frontend/src/components/card/CustomCard.jsx": {"path":"/Users/n.treerattanajutawat/Desktop/Project/songkran-frontend/src/components/card/CustomCard.jsx","statementMap":{"0":{"start":{"line":4,"column":17},"end":{"line":4,"column":21}},"1":{"start":{"line":6,"column":19},"end":{"line":19,"column":1}},"2":{"start":{"line":9,"column":4},"end":{"line":18,"column":5}}},"fnMap":{"0":{"name":"(anonymous_0)","decl":{"start":{"line":6,"column":19},"end":{"line":6,"column":20}},"loc":{"start":{"line":6,"column":30},"end":{"line":19,"column":1}},"line":6}},"branchMap":{},"s":{"0":1,"1":1,"2":0},"f":{"0":0},"b":{},"_coverageSchema":"1a1c01bbd47fc00a2c39e90264f33305004495a9","hash":"dab70befaf4420717ac4b30306dd3602917b0da0"}
,"/Users/n.treerattanajutawat/Desktop/Project/songkran-frontend/src/components/conten-center/ContentCenter.jsx": {"path":"/Users/n.treerattanajutawat/Desktop/Project/songkran-frontend/src/components/conten-center/ContentCenter.jsx","statementMap":{"0":{"start":{"line":4,"column":22},"end":{"line":15,"column":1}},"1":{"start":{"line":6,"column":4},"end":{"line":14,"column":5}}},"fnMap":{"0":{"name":"(anonymous_0)","decl":{"start":{"line":4,"column":22},"end":{"line":4,"column":23}},"loc":{"start":{"line":4,"column":33},"end":{"line":15,"column":1}},"line":4}},"branchMap":{"0":{"loc":{"start":{"line":7,"column":98},"end":{"line":7,"column":124}},"type":"binary-expr","locations":[{"start":{"line":7,"column":98},"end":{"line":7,"column":114}},{"start":{"line":7,"column":118},"end":{"line":7,"column":124}}],"line":7},"1":{"loc":{"start":{"line":9,"column":92},"end":{"line":9,"column":116}},"type":"binary-expr","locations":[{"start":{"line":9,"column":92},"end":{"line":9,"column":104}},{"start":{"line":9,"column":108},"end":{"line":9,"column":116}}],"line":9}},"s":{"0":1,"1":2},"f":{"0":2},"b":{"0":[2,2],"1":[2,1]},"_coverageSchema":"1a1c01bbd47fc00a2c39e90264f33305004495a9","hash":"38b908f2da53da7aaef914b73d3f9cb34d4687a8"}
,"/Users/n.treerattanajutawat/Desktop/Project/songkran-frontend/src/components/content-center/ContentCenter.jsx": {"path":"/Users/n.treerattanajutawat/Desktop/Project/songkran-frontend/src/components/content-center/ContentCenter.jsx","statementMap":{"0":{"start":{"line":4,"column":22},"end":{"line":15,"column":1}},"1":{"start":{"line":6,"column":4},"end":{"line":14,"column":5}}},"fnMap":{"0":{"name":"(anonymous_0)","decl":{"start":{"line":4,"column":22},"end":{"line":4,"column":23}},"loc":{"start":{"line":4,"column":33},"end":{"line":15,"column":1}},"line":4}},"branchMap":{"0":{"loc":{"start":{"line":7,"column":98},"end":{"line":7,"column":124}},"type":"binary-expr","locations":[{"start":{"line":7,"column":98},"end":{"line":7,"column":114}},{"start":{"line":7,"column":118},"end":{"line":7,"column":124}}],"line":7},"1":{"loc":{"start":{"line":9,"column":92},"end":{"line":9,"column":116}},"type":"binary-expr","locations":[{"start":{"line":9,"column":92},"end":{"line":9,"column":104}},{"start":{"line":9,"column":108},"end":{"line":9,"column":116}}],"line":9}},"s":{"0":0,"1":0},"f":{"0":0},"b":{"0":[0,0],"1":[0,0]}}
,"/Users/n.treerattanajutawat/Desktop/Project/songkran-frontend/src/components/header-title/HeaderTitle.jsx": {"path":"/Users/n.treerattanajutawat/Desktop/Project/songkran-frontend/src/components/header-title/HeaderTitle.jsx","statementMap":{"0":{"start":{"line":4,"column":18},"end":{"line":4,"column":28}},"1":{"start":{"line":6,"column":20},"end":{"line":11,"column":1}},"2":{"start":{"line":8,"column":4},"end":{"line":10,"column":5}}},"fnMap":{"0":{"name":"(anonymous_0)","decl":{"start":{"line":6,"column":20},"end":{"line":6,"column":21}},"loc":{"start":{"line":6,"column":33},"end":{"line":11,"column":1}},"line":6}},"branchMap":{},"s":{"0":1,"1":1,"2":0},"f":{"0":0},"b":{},"_coverageSchema":"1a1c01bbd47fc00a2c39e90264f33305004495a9","hash":"60d183a1ece1b80cca8fd16cb9258fafd498a620"}
,"/Users/n.treerattanajutawat/Desktop/Project/songkran-frontend/src/components/header-title/TextHeader.jsx": {"path":"/Users/n.treerattanajutawat/Desktop/Project/songkran-frontend/src/components/header-title/TextHeader.jsx","statementMap":{"0":{"start":{"line":4,"column":19},"end":{"line":13,"column":1}},"1":{"start":{"line":6,"column":4},"end":{"line":12,"column":5}}},"fnMap":{"0":{"name":"(anonymous_0)","decl":{"start":{"line":4,"column":19},"end":{"line":4,"column":20}},"loc":{"start":{"line":4,"column":25},"end":{"line":13,"column":1}},"line":4}},"branchMap":{},"s":{"0":0,"1":0},"f":{"0":0},"b":{}}
,"/Users/n.treerattanajutawat/Desktop/Project/songkran-frontend/src/components/icon-image/IconImage.jsx": {"path":"/Users/n.treerattanajutawat/Desktop/Project/songkran-frontend/src/components/icon-image/IconImage.jsx","statementMap":{"0":{"start":{"line":6,"column":18},"end":{"line":44,"column":1}},"1":{"start":{"line":17,"column":2},"end":{"line":43,"column":4}},"2":{"start":{"line":46,"column":0},"end":{"line":56,"column":2}}},"fnMap":{"0":{"name":"(anonymous_0)","decl":{"start":{"line":6,"column":18},"end":{"line":6,"column":19}},"loc":{"start":{"line":16,"column":6},"end":{"line":44,"column":1}},"line":16}},"branchMap":{"0":{"loc":{"start":{"line":21,"column":15},"end":{"line":21,"column":31}},"type":"binary-expr","locations":[{"start":{"line":21,"column":15},"end":{"line":21,"column":20}},{"start":{"line":21,"column":24},"end":{"line":21,"column":31}}],"line":21},"1":{"loc":{"start":{"line":22,"column":16},"end":{"line":22,"column":33}},"type":"binary-expr","locations":[{"start":{"line":22,"column":16},"end":{"line":22,"column":22}},{"start":{"line":22,"column":26},"end":{"line":22,"column":33}}],"line":22},"2":{"loc":{"start":{"line":26,"column":13},"end":{"line":26,"column":41}},"type":"binary-expr","locations":[{"start":{"line":26,"column":13},"end":{"line":26,"column":21}},{"start":{"line":26,"column":25},"end":{"line":26,"column":41}}],"line":26},"3":{"loc":{"start":{"line":27,"column":13},"end":{"line":27,"column":31}},"type":"binary-expr","locations":[{"start":{"line":27,"column":13},"end":{"line":27,"column":20}},{"start":{"line":27,"column":24},"end":{"line":27,"column":31}}],"line":27},"4":{"loc":{"start":{"line":29,"column":27},"end":{"line":31,"column":40}},"type":"cond-expr","locations":[{"start":{"line":30,"column":14},"end":{"line":30,"column":18}},{"start":{"line":31,"column":14},"end":{"line":31,"column":40}}],"line":29},"5":{"loc":{"start":{"line":31,"column":14},"end":{"line":31,"column":40}},"type":"binary-expr","locations":[{"start":{"line":31,"column":14},"end":{"line":31,"column":29}},{"start":{"line":31,"column":33},"end":{"line":31,"column":40}}],"line":31},"6":{"loc":{"start":{"line":34,"column":7},"end":{"line":41,"column":7}},"type":"binary-expr","locations":[{"start":{"line":34,"column":7},"end":{"line":34,"column":20}},{"start":{"line":35,"column":8},"end":{"line":40,"column":10}}],"line":34},"7":{"loc":{"start":{"line":38,"column":23},"end":{"line":38,"column":39}},"type":"binary-expr","locations":[{"start":{"line":38,"column":23},"end":{"line":38,"column":34}},{"start":{"line":38,"column":38},"end":{"line":38,"column":39}}],"line":38},"8":{"loc":{"start":{"line":38,"column":51},"end":{"line":38,"column":75}},"type":"binary-expr","locations":[{"start":{"line":38,"column":51},"end":{"line":38,"column":62}},{"start":{"line":38,"column":66},"end":{"line":38,"column":75}}],"line":38}},"s":{"0":0,"1":0,"2":0},"f":{"0":0},"b":{"0":[0,0],"1":[0,0],"2":[0,0],"3":[0,0],"4":[0,0],"5":[0,0],"6":[0,0],"7":[0,0],"8":[0,0]}}
,"/Users/n.treerattanajutawat/Desktop/Project/songkran-frontend/src/components/main-background/MainBackground.jsx": {"path":"/Users/n.treerattanajutawat/Desktop/Project/songkran-frontend/src/components/main-background/MainBackground.jsx","statementMap":{"0":{"start":{"line":4,"column":23},"end":{"line":10,"column":1}},"1":{"start":{"line":5,"column":4},"end":{"line":9,"column":8}}},"fnMap":{"0":{"name":"(anonymous_0)","decl":{"start":{"line":4,"column":23},"end":{"line":4,"column":24}},"loc":{"start":{"line":4,"column":34},"end":{"line":10,"column":1}},"line":4}},"branchMap":{},"s":{"0":1,"1":2},"f":{"0":2},"b":{},"_coverageSchema":"1a1c01bbd47fc00a2c39e90264f33305004495a9","hash":"fc9b4c8a8d28a89311cf4f688e1aabaec9c95ac0"}
,"/Users/n.treerattanajutawat/Desktop/Project/songkran-frontend/src/context/MainContext.js": {"path":"/Users/n.treerattanajutawat/Desktop/Project/songkran-frontend/src/context/MainContext.js","statementMap":{"0":{"start":{"line":5,"column":20},"end":{"line":5,"column":35}},"1":{"start":{"line":7,"column":28},"end":{"line":20,"column":1}},"2":{"start":{"line":8,"column":34},"end":{"line":8,"column":48}},"3":{"start":{"line":9,"column":23},"end":{"line":9,"column":33}},"4":{"start":{"line":11,"column":25},"end":{"line":13,"column":3}},"5":{"start":{"line":12,"column":4},"end":{"line":12,"column":22}},"6":{"start":{"line":15,"column":2},"end":{"line":19,"column":4}},"7":{"start":{"line":22,"column":23},"end":{"line":22,"column":52}},"8":{"start":{"line":22,"column":29},"end":{"line":22,"column":52}}},"fnMap":{"0":{"name":"(anonymous_0)","decl":{"start":{"line":7,"column":28},"end":{"line":7,"column":29}},"loc":{"start":{"line":7,"column":46},"end":{"line":20,"column":1}},"line":7},"1":{"name":"(anonymous_1)","decl":{"start":{"line":11,"column":25},"end":{"line":11,"column":26}},"loc":{"start":{"line":11,"column":35},"end":{"line":13,"column":3}},"line":11},"2":{"name":"(anonymous_2)","decl":{"start":{"line":22,"column":23},"end":{"line":22,"column":24}},"loc":{"start":{"line":22,"column":29},"end":{"line":22,"column":52}},"line":22}},"branchMap":{},"s":{"0":1,"1":1,"2":1,"3":1,"4":1,"5":0,"6":1,"7":1,"8":0},"f":{"0":1,"1":0,"2":0},"b":{},"_coverageSchema":"1a1c01bbd47fc00a2c39e90264f33305004495a9","hash":"085ff16fe062757865b618add71bfc6a88c08f00"}
,"/Users/n.treerattanajutawat/Desktop/Project/songkran-frontend/src/pages/main/Home.jsx": {"path":"/Users/n.treerattanajutawat/Desktop/Project/songkran-frontend/src/pages/main/Home.jsx","statementMap":{"0":{"start":{"line":9,"column":13},"end":{"line":32,"column":1}},"1":{"start":{"line":11,"column":21},"end":{"line":11,"column":34}},"2":{"start":{"line":13,"column":30},"end":{"line":15,"column":5}},"3":{"start":{"line":14,"column":8},"end":{"line":14,"column":42}},"4":{"start":{"line":17,"column":4},"end":{"line":30,"column":5}}},"fnMap":{"0":{"name":"(anonymous_0)","decl":{"start":{"line":9,"column":13},"end":{"line":9,"column":14}},"loc":{"start":{"line":9,"column":19},"end":{"line":32,"column":1}},"line":9},"1":{"name":"(anonymous_1)","decl":{"start":{"line":13,"column":30},"end":{"line":13,"column":31}},"loc":{"start":{"line":13,"column":36},"end":{"line":15,"column":5}},"line":13}},"branchMap":{},"s":{"0":1,"1":2,"2":1,"3":0,"4":1},"f":{"0":2,"1":0},"b":{},"_coverageSchema":"1a1c01bbd47fc00a2c39e90264f33305004495a9","hash":"2f58f835ca2b823e33c358be1cf089d314a54778"}
,"/Users/n.treerattanajutawat/Desktop/Project/songkran-frontend/src/pages/main/Language.jsx": {"path":"/Users/n.treerattanajutawat/Desktop/Project/songkran-frontend/src/pages/main/Language.jsx","statementMap":{"0":{"start":{"line":15,"column":17},"end":{"line":58,"column":1}},"1":{"start":{"line":16,"column":29},"end":{"line":16,"column":38}},"2":{"start":{"line":18,"column":19},"end":{"line":18,"column":32}},"3":{"start":{"line":20,"column":22},"end":{"line":23,"column":3}},"4":{"start":{"line":21,"column":4},"end":{"line":21,"column":25}},"5":{"start":{"line":22,"column":4},"end":{"line":22,"column":32}},"6":{"start":{"line":25,"column":25},"end":{"line":36,"column":3}},"7":{"start":{"line":26,"column":4},"end":{"line":35,"column":6}},"8":{"start":{"line":28,"column":52},"end":{"line":28,"column":78}},"9":{"start":{"line":38,"column":2},"end":{"line":57,"column":4}},"10":{"start":{"line":43,"column":40},"end":{"line":43,"column":56}}},"fnMap":{"0":{"name":"(anonymous_0)","decl":{"start":{"line":15,"column":17},"end":{"line":15,"column":18}},"loc":{"start":{"line":15,"column":23},"end":{"line":58,"column":1}},"line":15},"1":{"name":"(anonymous_1)","decl":{"start":{"line":20,"column":22},"end":{"line":20,"column":23}},"loc":{"start":{"line":20,"column":39},"end":{"line":23,"column":3}},"line":20},"2":{"name":"(anonymous_2)","decl":{"start":{"line":25,"column":25},"end":{"line":25,"column":26}},"loc":{"start":{"line":25,"column":45},"end":{"line":36,"column":3}},"line":25},"3":{"name":"(anonymous_3)","decl":{"start":{"line":28,"column":46},"end":{"line":28,"column":47}},"loc":{"start":{"line":28,"column":52},"end":{"line":28,"column":78}},"line":28},"4":{"name":"(anonymous_4)","decl":{"start":{"line":43,"column":34},"end":{"line":43,"column":35}},"loc":{"start":{"line":43,"column":40},"end":{"line":43,"column":56}},"line":43}},"branchMap":{"0":{"loc":{"start":{"line":29,"column":20},"end":{"line":29,"column":43}},"type":"cond-expr","locations":[{"start":{"line":29,"column":36},"end":{"line":29,"column":38}},{"start":{"line":29,"column":41},"end":{"line":29,"column":43}}],"line":29}},"s":{"0":1,"1":0,"2":0,"3":0,"4":0,"5":0,"6":0,"7":0,"8":0,"9":0,"10":0},"f":{"0":0,"1":0,"2":0,"3":0,"4":0},"b":{"0":[0,0]},"_coverageSchema":"1a1c01bbd47fc00a2c39e90264f33305004495a9","hash":"8f038dd011efde48325f3f7e9d000cbadd7799b2"}
,"/Users/n.treerattanajutawat/Desktop/Project/songkran-frontend/src/pages/main/Main.jsx": {"path":"/Users/n.treerattanajutawat/Desktop/Project/songkran-frontend/src/pages/main/Main.jsx","statementMap":{"0":{"start":{"line":9,"column":13},"end":{"line":25,"column":1}},"1":{"start":{"line":10,"column":4},"end":{"line":24,"column":5}}},"fnMap":{"0":{"name":"(anonymous_0)","decl":{"start":{"line":9,"column":13},"end":{"line":9,"column":14}},"loc":{"start":{"line":9,"column":19},"end":{"line":25,"column":1}},"line":9}},"branchMap":{},"s":{"0":1,"1":2},"f":{"0":2},"b":{},"_coverageSchema":"1a1c01bbd47fc00a2c39e90264f33305004495a9","hash":"4f534a90bc00bc8e3b42de34ea51473dcd7d1d36"}
,"/Users/n.treerattanajutawat/Desktop/Project/songkran-frontend/src/pages/main/Menu.jsx": {"path":"/Users/n.treerattanajutawat/Desktop/Project/songkran-frontend/src/pages/main/Menu.jsx","statementMap":{"0":{"start":{"line":13,"column":13},"end":{"line":63,"column":1}},"1":{"start":{"line":14,"column":39},"end":{"line":14,"column":48}},"2":{"start":{"line":16,"column":21},"end":{"line":16,"column":34}},"3":{"start":{"line":18,"column":24},"end":{"line":20,"column":5}},"4":{"start":{"line":19,"column":8},"end":{"line":19,"column":36}},"5":{"start":{"line":22,"column":4},"end":{"line":62,"column":5}},"6":{"start":{"line":27,"column":60},"end":{"line":27,"column":84}},"7":{"start":{"line":30,"column":63},"end":{"line":30,"column":79}},"8":{"start":{"line":43,"column":39},"end":{"line":43,"column":61}},"9":{"start":{"line":55,"column":39},"end":{"line":55,"column":61}}},"fnMap":{"0":{"name":"(anonymous_0)","decl":{"start":{"line":13,"column":13},"end":{"line":13,"column":14}},"loc":{"start":{"line":13,"column":19},"end":{"line":63,"column":1}},"line":13},"1":{"name":"(anonymous_1)","decl":{"start":{"line":18,"column":24},"end":{"line":18,"column":25}},"loc":{"start":{"line":18,"column":35},"end":{"line":20,"column":5}},"line":18},"2":{"name":"(anonymous_2)","decl":{"start":{"line":27,"column":54},"end":{"line":27,"column":55}},"loc":{"start":{"line":27,"column":60},"end":{"line":27,"column":84}},"line":27},"3":{"name":"(anonymous_3)","decl":{"start":{"line":30,"column":57},"end":{"line":30,"column":58}},"loc":{"start":{"line":30,"column":63},"end":{"line":30,"column":79}},"line":30},"4":{"name":"(anonymous_4)","decl":{"start":{"line":43,"column":33},"end":{"line":43,"column":34}},"loc":{"start":{"line":43,"column":39},"end":{"line":43,"column":61}},"line":43},"5":{"name":"(anonymous_5)","decl":{"start":{"line":55,"column":33},"end":{"line":55,"column":34}},"loc":{"start":{"line":55,"column":39},"end":{"line":55,"column":61}},"line":55}},"branchMap":{},"s":{"0":1,"1":0,"2":0,"3":0,"4":0,"5":0,"6":0,"7":0,"8":0,"9":0},"f":{"0":0,"1":0,"2":0,"3":0,"4":0,"5":0},"b":{},"_coverageSchema":"1a1c01bbd47fc00a2c39e90264f33305004495a9","hash":"329bb3eecf3ef8f6f8a353798a2d5a8dcb57b5e9"}
,"/Users/n.treerattanajutawat/Desktop/Project/songkran-frontend/src/pages/playground/Playground.jsx": {"path":"/Users/n.treerattanajutawat/Desktop/Project/songkran-frontend/src/pages/playground/Playground.jsx","statementMap":{"0":{"start":{"line":13,"column":19},"end":{"line":112,"column":1}},"1":{"start":{"line":14,"column":2},"end":{"line":111,"column":4}}},"fnMap":{"0":{"name":"(anonymous_0)","decl":{"start":{"line":13,"column":19},"end":{"line":13,"column":20}},"loc":{"start":{"line":13,"column":25},"end":{"line":112,"column":1}},"line":13}},"branchMap":{},"s":{"0":0,"1":0},"f":{"0":0},"b":{}}
,"/Users/n.treerattanajutawat/Desktop/Project/songkran-frontend/src/utils/common.js": {"path":"/Users/n.treerattanajutawat/Desktop/Project/songkran-frontend/src/utils/common.js","statementMap":{"0":{"start":{"line":1,"column":26},"end":{"line":3,"column":1}},"1":{"start":{"line":2,"column":2},"end":{"line":2,"column":18}}},"fnMap":{"0":{"name":"(anonymous_0)","decl":{"start":{"line":1,"column":26},"end":{"line":1,"column":27}},"loc":{"start":{"line":1,"column":47},"end":{"line":3,"column":1}},"line":1}},"branchMap":{},"s":{"0":1,"1":0},"f":{"0":0},"b":{},"_coverageSchema":"1a1c01bbd47fc00a2c39e90264f33305004495a9","hash":"b2b4b86b6fd6438d3b8fbf36f4c60d0cb5e966bc"}
}
